0 verbose cli C:\Program Files\nodejs\node.exe C:\Program Files\nodejs\node_modules\npm\bin\npm-cli.js
1 info using npm@9.5.1
2 info using node@v18.16.0
3 timing npm:load:whichnode Completed in 2ms
4 timing config:load:defaults Completed in 4ms
5 timing config:load:file:C:\Users\DELL\AppData\Roaming\nvm\v18.16.0\node_modules\npm\npmrc Completed in 4ms
6 timing config:load:builtin Completed in 4ms
7 timing config:load:cli Completed in 5ms
8 timing config:load:env Completed in 1ms
9 timing config:load:file:E:\BffApisApp\.npmrc Completed in 1ms
10 timing config:load:project Completed in 3ms
11 timing config:load:file:C:\Users\USER\.npmrc Completed in 2ms
12 timing config:load:user Completed in 2ms
13 timing config:load:file:C:\Users\USER\AppData\Roaming\npm\etc\npmrc Completed in 0ms
14 timing config:load:global Completed in 0ms
15 timing config:load:setEnvs Completed in 2ms
16 timing config:load Completed in 23ms
17 timing npm:load:configload Completed in 23ms
18 timing npm:load:mkdirpcache Completed in 1ms
19 timing npm:load:mkdirplogs Completed in 1ms
20 verbose title npm start
21 verbose argv "start" "--cache" "clean"
22 timing npm:load:setTitle Completed in 4ms
23 timing config:load:flatten Completed in 5ms
24 timing npm:load:display Completed in 5ms
25 verbose logfile logs-max:10 dir:E:\BffApisApp\clean\_logs\2023-10-09T15_06_51_264Z-
26 verbose logfile E:\BffApisApp\clean\_logs\2023-10-09T15_06_51_264Z-debug-0.log
27 timing npm:load:logFile Completed in 19ms
28 timing npm:load:timers Completed in 0ms
29 timing npm:load:configScope Completed in 1ms
30 timing npm:load Completed in 58ms
31 silly logfile done cleaning log files
32 http fetch GET 200 https://registry.npmjs.org/npm 902ms (cache miss)
33 http fetch GET 200 https://registry.npmjs.org/npm 1096ms (cache miss)
34 timing command:run-script Completed in 32614ms
35 timing command:start Completed in 32628ms
36 notice
36 notice New [31mmajor[39m version of npm available! [31m9.5.1[39m -> [32m10.2.0[39m
36 notice Changelog: [36mhttps://github.com/npm/cli/releases/tag/v10.2.0[39m
36 notice Run [32mnpm install -g npm@10.2.0[39m to update!
36 notice
37 verbose exit 1
38 timing npm Completed in 32739ms
39 verbose code 1
