0 verbose cli C:\Program Files\nodejs\node.exe C:\Users\DELL\AppData\Roaming\nvm\v18.16.0\node_modules\npm\bin\npm-cli.js
1 info using npm@9.5.1
2 info using node@v18.16.0
3 timing npm:load:whichnode Completed in 5ms
4 timing config:load:defaults Completed in 3ms
5 timing config:load:file:C:\Users\DELL\AppData\Roaming\nvm\v18.16.0\node_modules\npm\npmrc Completed in 3ms
6 timing config:load:builtin Completed in 3ms
7 timing config:load:cli Completed in 4ms
8 timing config:load:env Completed in 2ms
9 timing config:load:file:E:\BffApisApp\.npmrc Completed in 0ms
10 timing config:load:project Completed in 15ms
11 timing config:load:file:C:\Users\USER\.npmrc Completed in 2ms
12 timing config:load:user Completed in 2ms
13 timing config:load:file:C:\Users\USER\AppData\Roaming\npm\etc\npmrc Completed in 0ms
14 timing config:load:global Completed in 0ms
15 timing config:load:setEnvs Completed in 3ms
16 timing config:load Completed in 37ms
17 timing npm:load:configload Completed in 38ms
18 timing npm:load:mkdirpcache Completed in 3ms
19 timing npm:load:mkdirplogs Completed in 1ms
20 verbose title npm exec react-native run-android
21 verbose argv "exec" "--" "react-native" "run-android"
22 timing npm:load:setTitle Completed in 3ms
23 timing config:load:flatten Completed in 7ms
24 timing npm:load:display Completed in 10ms
25 verbose logfile logs-max:10 dir:E:\BffApisApp\clean\_logs\2023-10-09T15_07_03_001Z-
26 verbose logfile E:\BffApisApp\clean\_logs\2023-10-09T15_07_03_001Z-debug-0.log
27 timing npm:load:logFile Completed in 23ms
28 timing npm:load:timers Completed in 0ms
29 timing npm:load:configScope Completed in 0ms
30 timing npm:load Completed in 83ms
31 silly logfile done cleaning log files
32 timing command:exec Completed in 699968ms
33 verbose exit 1
34 timing npm Completed in 700101ms
35 verbose code 1
